0
50
54
58
5c
60
124
128
12c
130
134
138
14c
150
154
158
15c
160
164
168
15c
160
164
168
15c
160
164
168
15c
160
164
168
15c
160
164
168
15c
160
164
168
15c
160
164
168
16c
170
788
78c
174
178
b08
b0c
b10
b14
d0
d4
d8
dc
e0
e4
e8
f4
f8
fc
100
104
11c
120
b18
b1c
ac8
acc
ad0
ad4
ad8
adc
ae0
af8
afc
b00
b04
b20
b24
b28
17c
180
184
188
21c
220
224
228
22c
230
234
238
23c
240
244
248
488
48c
490
494
498
49c
4a0
4a4
4a8
4ac
4b0
4b4
4b8
4bc
4c0
4c4
4c8
4f8
4fc
500
4d4
4d8
1b0
1b4
1b8
1bc
1c0
1c4
1c8
1cc
1d0
1d4
1d8
1dc
1e0
1e4
4dc
4e0
4e4
4e8
4ec
4f0
4f4
4f8
4fc
500
4d4
4d8
1b0
1b4
1b8
1bc
1c0
1c4
1c8
1cc
1d0
1d4
1d8
1dc
1e0
1e4
4dc
4e0
4e4
4e8
0
4ec
4f0
4f4
4f8
5c4
5c8
5cc
5d0
5d4
4dc
0
4e0
4e4
4e8
0
4ec
4f0
4f4
4f8
4fc
500
504
4d4
4d8
4dc
1b0
1b4
1b8
1bc
1c0
1c4
1c8
1cc
0
1d0
1d4
1d8
1dc
1e0
1e4
1e8
4dc
0
4e0
4e4
4e8
0
4ec
4f0
4f4
4f8
5c4
5c8
5cc
5d0
5d4
4dc
0
4e0
4e4
4e8
0
4ec
4f0
4f4
4f8
5c4
5c8
5cc
5d0
5d4
8
c
10
768
76c
770
0
4
8
50
54
58
5c
60
64
124
128
12c
130
134
138
13c
140
14c
150
154
158
15c
160
164
168
16c
170
15c
160
164
168
16c
170
15c
160
164
168
16c
170
15c
160
164
168
16c
170
15c
160
164
168
16c
170
15c
160
164
168
16c
170
15c
160
164
168
16c
170
174
788
78c
790
174
178
17c
b08
b0c
b10
b14
b18
d0
d4
d8
dc
e0
e4
e8
ec
f4
f8
fc
100
104
108
11c
120
124
b18
b1c
b20
ac8
acc
ad0
ad4
ad8
adc
ae0
ae4
ae8
aec
0
4
8
50
54
58
5c
60
64
124
128
12c
130
134
138
13c
140
14c
150
154
158
15c
160
164
168
16c
170
15c
160
164
168
16c
170
15c
160
164
168
16c
170
15c
160
164
168
16c
170
15c
160
164
168
16c
170
15c
160
164
168
16c
170
15c
160
164
168
16c
170
174
788
78c
790
174
178
17c
b08
b0c
b10
b14
b18
d0
d4
d8
dc
e0
e4
e8
ec
f4
f8
fc
100
104
108
11c
120
124
b18
b1c
b20
ac8
acc
ad0
ad4
ad8
adc
ae0
ae4
ae8
aec
0
4
8
50
54
58
5c
60
64
124
128
12c
130
134
138
13c
140
14c
150
154
158
15c
160
164
168
16c
170
15c
160
164
168
16c
170
15c
160
164
168
16c
170
15c
160
164
168
16c
170
15c
160
164
168
16c
170
15c
160
164
168
16c
170
15c
160
164
168
16c
170
174
788
78c
790
174
178
17c
b08
b0c
b10
b14
b18
d0
d4
d8
dc
e0
e4
e8
ec
f4
f8
fc
100
104
108
11c
120
124
b18
b1c
b20
ac8
acc
ad0
ad4
ad8
adc
ae0
ae4
ae8
aec
0
4
8
50
54
58
5c
60
64
124
128
12c
130
134
138
13c
140
14c
150
154
158
15c
160
164
168
16c
170
15c
160
164
168
16c
170
15c
160
164
168
16c
170
15c
160
164
168
16c
170
15c
160
164
168
16c
170
15c
160
164
168
16c
170
15c
160
164
168
16c
170
174
788
78c
790
174
178
17c
b08
b0c
b10
b14
b18
d0
d4
d8
dc
e0
e4
e8
ec
f4
f8
fc
100
104
108
11c
120
124
b18
b1c
b20
ac8
acc
ad0
ad4
ad8
adc
ae0
ae4
ae8
aec
0
4
8
50
54
58
5c
60
64
124
128
12c
130
134
138
13c
140
14c
150
154
158
15c
160
164
168
16c
170
15c
160
164
168
16c
170
15c
160
164
168
16c
170
15c
160
164
168
16c
170
15c
160
164
168
16c
170
15c
160
164
168
16c
170
15c
160
164
168
16c
170
174
788
78c
790
174
178
17c
b08
b0c
b10
b14
b18
d0
d4
d8
dc
e0
e4
e8
ec
f4
f8
fc
100
104
108
11c
120
124
b18
b1c
b20
ac8
acc
ad0
ad4
ad8
adc
ae0
ae4
ae8
aec
0
4
8
50
54
58
5c
60
64
124
128
12c
130
134
138
13c
140
14c
150
154
158
15c
160
164
168
16c
170
15c
160
164
168
16c
170
15c
160
164
168
16c
170
15c
160
164
168
16c
170
15c
160
164
168
16c
170
15c
160
164
168
16c
170
15c
160
164
168
16c
170
174
788
78c
790
174
178
17c
b08
b0c
b10
b14
b18
d0
d4
d8
dc
e0
e4
e8
ec
f4
f8
fc
100
104
108
11c
120
124
b18
b1c
b20
ac8
acc
ad0
ad4
ad8
adc
ae0
ae4
ae8
aec
0
4
8
50
54
58
5c
60
64
124
128
12c
130
134
138
13c
140
14c
150
154
158
15c
160
164
168
16c
170
15c
160
164
168
16c
170
15c
160
164
168
16c
170
15c
160
164
168
16c
170
15c
160
164
168
16c
170
15c
160
164
168
16c
170
15c
160
164
168
16c
170
174
788
78c
790
174
178
17c
b08
b0c
b10
b14
b18
d0
d4
d8
dc
./bin2rom rom.bin rom.vhd 12
